<?xml version="1.0" encoding="UTF-8"?>
<!-- Generated by org.testng.reporters.JUnitXMLReporter -->
<testsuite hostname="Chetuiwk255" ignored="0" name="Test" tests="3" failures="0" timestamp="18 Feb 2019 18:04:29 GMT" time="81.393" errors="0">
  <testcase name="clickCasesTest" time="9.044" classname="com.qa.TestNG.com.qa.TestNG.CasesTest"/>
  <testcase name="validateloginpagetitle" time="0.016" classname="com.qa.TestNG.com.qa.TestNG.FreeCRMLoginTest"/>
  <testcase name="login" time="16.3" classname="com.qa.TestNG.com.qa.TestNG.FreeCRMLoginTest"/>
</testsuite> <!-- Test -->
