<?xml version="1.0" encoding="UTF-8"?>
<testng-results skipped="0" failed="0" ignored="0" total="1" passed="1">
  <reporter-output>
  </reporter-output>
  <suite name="Default suite" duration-ms="8921" started-at="2019-03-01T12:28:53Z" finished-at="2019-03-01T12:29:02Z">
    <groups>
    </groups>
    <test name="Default test" duration-ms="8921" started-at="2019-03-01T12:28:53Z" finished-at="2019-03-01T12:29:02Z">
      <class name="com.qa.TestNG.com.qa.TestNG.PDFReaderTest">
        <test-method status="PASS" signature="readPDFTest()[pri:0, instance:com.qa.TestNG.com.qa.TestNG.PDFReaderTest@47c62251]" name="readPDFTest" duration-ms="8853" started-at="2019-03-01T12:28:53Z" finished-at="2019-03-01T12:29:02Z">
          <reporter-output>
          </reporter-output>
        </test-method> <!-- readPDFTest -->
      </class> <!-- com.qa.TestNG.com.qa.TestNG.PDFReaderTest -->
    </test> <!-- Default test -->
  </suite> <!-- Default suite -->
</testng-results>
