<?xml version="1.0" encoding="UTF-8"?>
<testng-results skipped="0" failed="0" ignored="0" total="1" passed="1">
  <reporter-output>
  </reporter-output>
  <suite name="Default suite" duration-ms="47100" started-at="2019-02-26T11:25:11Z" finished-at="2019-02-26T11:25:58Z">
    <groups>
    </groups>
    <test name="Default test" duration-ms="47100" started-at="2019-02-26T11:25:11Z" finished-at="2019-02-26T11:25:58Z">
      <class name="com.qa.TestNG.com.qa.TestNG.DynamicWebTableHandling">
        <test-method status="PASS" signature="setup()[pri:0, instance:com.qa.TestNG.com.qa.TestNG.DynamicWebTableHandling@3bfdc050]" name="setup" is-config="true" duration-ms="14822" started-at="2019-02-26T11:25:11Z" finished-at="2019-02-26T11:25:26Z">
          <reporter-output>
          </reporter-output>
        </test-method> <!-- setup -->
        <test-method status="PASS" signature="contacts()[pri:0, instance:com.qa.TestNG.com.qa.TestNG.DynamicWebTableHandling@3bfdc050]" name="contacts" duration-ms="32199" started-at="2019-02-26T11:25:26Z" finished-at="2019-02-26T11:25:58Z">
          <reporter-output>
          </reporter-output>
        </test-method> <!-- contacts -->
      </class> <!-- com.qa.TestNG.com.qa.TestNG.DynamicWebTableHandling -->
    </test> <!-- Default test -->
  </suite> <!-- Default suite -->
</testng-results>
