<?xml version="1.0" encoding="UTF-8"?>
<!-- Generated by org.testng.reporters.JUnitReportReporter -->
<testsuite skipped="0" hostname="Chetuiwk255" name="com.qa.TestNG.com.qa.TestNG.FreeCRMLoginTest" tests="2" failures="0" timestamp="18 Feb 2019 18:10:31 GMT" time="41.931" errors="0">
  <testcase name="validateloginpagetitle" time="12.614" classname="com.qa.TestNG.com.qa.TestNG.FreeCRMLoginTest"/>
  <testcase name="login" time="29.317" classname="com.qa.TestNG.com.qa.TestNG.FreeCRMLoginTest"/>
</testsuite> <!-- com.qa.TestNG.com.qa.TestNG.FreeCRMLoginTest -->
