<?xml version="1.0" encoding="UTF-8"?>
<!-- Generated by org.testng.reporters.JUnitReportReporter -->
<testsuite skipped="0" hostname="Chetuiwk255" name="com.qa.TestNG.com.qa.TestNG.TestNgbasics" tests="3" failures="0" timestamp="15 Feb 2019 17:06:16 GMT" time="0.024" errors="0">
  <testcase name="searchtest" time="0.008" classname="com.qa.TestNG.com.qa.TestNG.TestNgbasics"/>
  <testcase name="logotest" time="0.006" classname="com.qa.TestNG.com.qa.TestNG.TestNgbasics"/>
  <testcase name="googletitletest" time="0.010" classname="com.qa.TestNG.com.qa.TestNG.TestNgbasics"/>
</testsuite> <!-- com.qa.TestNG.com.qa.TestNG.TestNgbasics -->
